Number of points 500
Processing file: FFCM2_model
-- Configuring done
-- Generating done
-- Build files have been written to: /scratch/users/ryjoh/run_t1/build
[ 80%] Built target tbb
Consolidate compiler generated dependencies of target chemgen
[ 90%] Building CXX object CMakeFiles/chemgen.dir/src/chemgen.cpp.o
[100%] Linking CXX executable bin/chemgen
[100%] Built target chemgen
Number of threads available: 10
Serial execution time for reactions loop point_reactions: 0.0226294 seconds
Parallel execution time for reactions loop point_reactions: 0.00397437 seconds
Parallel execution time for reactions loop point_reactions chunk 20: 0.00285907 seconds
Parallel execution time for reactions loop point_reactions chunk 100: 0.00286443 seconds
Serial execution time for reactions loop point_progress_rates: 0.0178402 seconds
Parallel execution time for reactions loop point_progress_rates: 0.00270508 seconds
Parallel execution time for reactions loop point_progress_rates chunk 20: 0.00248836 seconds
Parallel execution time for reactions loop point_progress_rates chunk 100: 0.00248138 seconds
Serial execution time for species_source: 0.00438047 seconds
Parallel execution time for species_source: 0.000832504 seconds
Parallel execution time for reactions loop source chunk 20: 0.000684129 seconds
Parallel execution time for reactions loop source chunk 100: 0.000655779 seconds
Number of points 1000
Processing file: FFCM2_model
-- Configuring done
-- Generating done
-- Build files have been written to: /scratch/users/ryjoh/run_t1/build
[ 80%] Built target tbb
Consolidate compiler generated dependencies of target chemgen
[ 90%] Building CXX object CMakeFiles/chemgen.dir/src/chemgen.cpp.o
[100%] Linking CXX executable bin/chemgen
[100%] Built target chemgen
Number of threads available: 10
Serial execution time for reactions loop point_reactions: 0.0228451 seconds
Parallel execution time for reactions loop point_reactions: 0.00435381 seconds
Parallel execution time for reactions loop point_reactions chunk 20: 0.00287039 seconds
Parallel execution time for reactions loop point_reactions chunk 100: 0.00288417 seconds
Serial execution time for reactions loop point_progress_rates: 0.017781 seconds
Parallel execution time for reactions loop point_progress_rates: 0.00262262 seconds
Parallel execution time for reactions loop point_progress_rates chunk 20: 0.00247423 seconds
Parallel execution time for reactions loop point_progress_rates chunk 100: 0.00247188 seconds
Serial execution time for species_source: 0.00432704 seconds
Parallel execution time for species_source: 0.000770932 seconds
Parallel execution time for reactions loop source chunk 20: 0.000688436 seconds
Parallel execution time for reactions loop source chunk 100: 0.000680549 seconds
Number of points 2000
Processing file: FFCM2_model
-- Configuring done
-- Generating done
-- Build files have been written to: /scratch/users/ryjoh/run_t1/build
[ 80%] Built target tbb
Consolidate compiler generated dependencies of target chemgen
[ 90%] Building CXX object CMakeFiles/chemgen.dir/src/chemgen.cpp.o
[100%] Linking CXX executable bin/chemgen
[100%] Built target chemgen
Number of threads available: 10
Serial execution time for reactions loop point_reactions: 0.0210602 seconds
Parallel execution time for reactions loop point_reactions: 0.00400903 seconds
Parallel execution time for reactions loop point_reactions chunk 20: 0.00285679 seconds
Parallel execution time for reactions loop point_reactions chunk 100: 0.00283934 seconds
Serial execution time for reactions loop point_progress_rates: 0.017363 seconds
Parallel execution time for reactions loop point_progress_rates: 0.00269411 seconds
Parallel execution time for reactions loop point_progress_rates chunk 20: 0.00251145 seconds
Parallel execution time for reactions loop point_progress_rates chunk 100: 0.00253357 seconds
Serial execution time for species_source: 0.00409213 seconds
Parallel execution time for species_source: 0.000793738 seconds
Parallel execution time for reactions loop source chunk 20: 0.000658608 seconds
Parallel execution time for reactions loop source chunk 100: 0.000687501 seconds
Number of points 4000
Processing file: FFCM2_model
-- Configuring done
-- Generating done
-- Build files have been written to: /scratch/users/ryjoh/run_t1/build
[ 80%] Built target tbb
Consolidate compiler generated dependencies of target chemgen
[ 90%] Building CXX object CMakeFiles/chemgen.dir/src/chemgen.cpp.o
[100%] Linking CXX executable bin/chemgen
[100%] Built target chemgen
Number of threads available: 10
Serial execution time for reactions loop point_reactions: 0.0223828 seconds
Parallel execution time for reactions loop point_reactions: 0.00382132 seconds
Parallel execution time for reactions loop point_reactions chunk 20: 0.00275134 seconds
Parallel execution time for reactions loop point_reactions chunk 100: 0.00288291 seconds
Serial execution time for reactions loop point_progress_rates: 0.0179531 seconds
Parallel execution time for reactions loop point_progress_rates: 0.00257537 seconds
Parallel execution time for reactions loop point_progress_rates chunk 20: 0.00238186 seconds
Parallel execution time for reactions loop point_progress_rates chunk 100: 0.00237629 seconds
Serial execution time for species_source: 0.00430244 seconds
Parallel execution time for species_source: 0.000758917 seconds
Parallel execution time for reactions loop source chunk 20: 0.000642826 seconds
Parallel execution time for reactions loop source chunk 100: 0.000622345 seconds
Number of points 8000
Processing file: FFCM2_model
-- Configuring done
-- Generating done
-- Build files have been written to: /scratch/users/ryjoh/run_t1/build
[ 80%] Built target tbb
Consolidate compiler generated dependencies of target chemgen
[ 90%] Building CXX object CMakeFiles/chemgen.dir/src/chemgen.cpp.o
[100%] Linking CXX executable bin/chemgen
[100%] Built target chemgen
Number of threads available: 10
Serial execution time for reactions loop point_reactions: 0.0245638 seconds
Parallel execution time for reactions loop point_reactions: 0.00406409 seconds
Parallel execution time for reactions loop point_reactions chunk 20: 0.00284259 seconds
Parallel execution time for reactions loop point_reactions chunk 100: 0.0028572 seconds
Serial execution time for reactions loop point_progress_rates: 0.0187797 seconds
Parallel execution time for reactions loop point_progress_rates: 0.00261981 seconds
Parallel execution time for reactions loop point_progress_rates chunk 20: 0.00246912 seconds
Parallel execution time for reactions loop point_progress_rates chunk 100: 0.00247795 seconds
Serial execution time for species_source: 0.00459669 seconds
Parallel execution time for species_source: 0.000790565 seconds
Parallel execution time for reactions loop source chunk 20: 0.00065282 seconds
Parallel execution time for reactions loop source chunk 100: 0.000648514 seconds
Number of points 16000
Processing file: FFCM2_model
-- Configuring done
-- Generating done
-- Build files have been written to: /scratch/users/ryjoh/run_t1/build
[ 80%] Built target tbb
Consolidate compiler generated dependencies of target chemgen
[ 90%] Building CXX object CMakeFiles/chemgen.dir/src/chemgen.cpp.o
[100%] Linking CXX executable bin/chemgen
[100%] Built target chemgen
Number of threads available: 10
Serial execution time for reactions loop point_reactions: 0.0226516 seconds
Parallel execution time for reactions loop point_reactions: 0.00390112 seconds
Parallel execution time for reactions loop point_reactions chunk 20: 0.00286211 seconds
Parallel execution time for reactions loop point_reactions chunk 100: 0.00286663 seconds
Serial execution time for reactions loop point_progress_rates: 0.0197263 seconds
Parallel execution time for reactions loop point_progress_rates: 0.00275908 seconds
Parallel execution time for reactions loop point_progress_rates chunk 20: 0.00247678 seconds
Parallel execution time for reactions loop point_progress_rates chunk 100: 0.00251143 seconds
Serial execution time for species_source: 0.00425978 seconds
Parallel execution time for species_source: 0.000784691 seconds
Parallel execution time for reactions loop source chunk 20: 0.000649227 seconds
Parallel execution time for reactions loop source chunk 100: 0.000629987 seconds
Number of points 32000
Processing file: FFCM2_model
-- Configuring done
-- Generating done
-- Build files have been written to: /scratch/users/ryjoh/run_t1/build
[ 80%] Built target tbb
Consolidate compiler generated dependencies of target chemgen
[ 90%] Building CXX object CMakeFiles/chemgen.dir/src/chemgen.cpp.o
[100%] Linking CXX executable bin/chemgen
[100%] Built target chemgen
Number of threads available: 10
Serial execution time for reactions loop point_reactions: 0.0228546 seconds
Parallel execution time for reactions loop point_reactions: 0.00390075 seconds
Parallel execution time for reactions loop point_reactions chunk 20: 0.00282509 seconds
Parallel execution time for reactions loop point_reactions chunk 100: 0.00289036 seconds
Serial execution time for reactions loop point_progress_rates: 0.0177883 seconds
Parallel execution time for reactions loop point_progress_rates: 0.00265868 seconds
Parallel execution time for reactions loop point_progress_rates chunk 20: 0.00243861 seconds
Parallel execution time for reactions loop point_progress_rates chunk 100: 0.00250818 seconds
Serial execution time for species_source: 0.00438796 seconds
Parallel execution time for species_source: 0.000768617 seconds
Parallel execution time for reactions loop source chunk 20: 0.000673683 seconds
Parallel execution time for reactions loop source chunk 100: 0.00068291 seconds
Number of points 64000
Processing file: FFCM2_model
-- Configuring done
-- Generating done
-- Build files have been written to: /scratch/users/ryjoh/run_t1/build
[ 80%] Built target tbb
Consolidate compiler generated dependencies of target chemgen
[ 90%] Building CXX object CMakeFiles/chemgen.dir/src/chemgen.cpp.o
[100%] Linking CXX executable bin/chemgen
[100%] Built target chemgen
Number of threads available: 10
Serial execution time for reactions loop point_reactions: 0.0226888 seconds
Parallel execution time for reactions loop point_reactions: 0.00505475 seconds
Parallel execution time for reactions loop point_reactions chunk 20: 0.00307397 seconds
Parallel execution time for reactions loop point_reactions chunk 100: 0.0041556 seconds
Serial execution time for reactions loop point_progress_rates: 0.0175197 seconds
Parallel execution time for reactions loop point_progress_rates: 0.00280226 seconds
Parallel execution time for reactions loop point_progress_rates chunk 20: 0.00261953 seconds
Parallel execution time for reactions loop point_progress_rates chunk 100: 0.0026734 seconds
Serial execution time for species_source: 0.00439621 seconds
Parallel execution time for species_source: 0.000828231 seconds
Parallel execution time for reactions loop source chunk 20: 0.000737975 seconds
Parallel execution time for reactions loop source chunk 100: 0.000694971 seconds
Number of points 128000
Processing file: FFCM2_model
-- Configuring done
-- Generating done
-- Build files have been written to: /scratch/users/ryjoh/run_t1/build
[ 80%] Built target tbb
Consolidate compiler generated dependencies of target chemgen
[ 90%] Building CXX object CMakeFiles/chemgen.dir/src/chemgen.cpp.o
[100%] Linking CXX executable bin/chemgen
[100%] Built target chemgen
Number of threads available: 10
Serial execution time for reactions loop point_reactions: 0.0227656 seconds
Parallel execution time for reactions loop point_reactions: 0.0039785 seconds
Parallel execution time for reactions loop point_reactions chunk 20: 0.00282506 seconds
Parallel execution time for reactions loop point_reactions chunk 100: 0.00287249 seconds
Serial execution time for reactions loop point_progress_rates: 0.0178245 seconds
Parallel execution time for reactions loop point_progress_rates: 0.00268631 seconds
Parallel execution time for reactions loop point_progress_rates chunk 20: 0.00243777 seconds
Parallel execution time for reactions loop point_progress_rates chunk 100: 0.00247055 seconds
Serial execution time for species_source: 0.0043782 seconds
Parallel execution time for species_source: 0.000801454 seconds
Parallel execution time for reactions loop source chunk 20: 0.000639336 seconds
Parallel execution time for reactions loop source chunk 100: 0.000629861 seconds
Number of points 256000
Processing file: FFCM2_model
-- Configuring done
-- Generating done
-- Build files have been written to: /scratch/users/ryjoh/run_t1/build
[ 80%] Built target tbb
Consolidate compiler generated dependencies of target chemgen
[ 90%] Building CXX object CMakeFiles/chemgen.dir/src/chemgen.cpp.o
[100%] Linking CXX executable bin/chemgen
[100%] Built target chemgen
Number of threads available: 10
Serial execution time for reactions loop point_reactions: 0.0226298 seconds
Parallel execution time for reactions loop point_reactions: 0.00400172 seconds
Parallel execution time for reactions loop point_reactions chunk 20: 0.00288102 seconds
Parallel execution time for reactions loop point_reactions chunk 100: 0.00297856 seconds
Serial execution time for reactions loop point_progress_rates: 0.0180092 seconds
Parallel execution time for reactions loop point_progress_rates: 0.00268073 seconds
Parallel execution time for reactions loop point_progress_rates chunk 20: 0.00250891 seconds
Parallel execution time for reactions loop point_progress_rates chunk 100: 0.0025126 seconds
Serial execution time for species_source: 0.00431474 seconds
Parallel execution time for species_source: 0.000789455 seconds
Parallel execution time for reactions loop source chunk 20: 0.000652944 seconds
Parallel execution time for reactions loop source chunk 100: 0.000675259 seconds
running!
