Nodes allocated for this job: sh03-01n03
Number of points 100
Processing file: FFCM2_model
-- MPI found: /share/software/user/open/openmpi/4.1.2/bin/mpic++
-- Configuring done
-- Generating done
-- Build files have been written to: /scratch/users/ryjoh/run_serial_threaded/build
[ 80%] Built target tbb
Consolidate compiler generated dependencies of target chemgen
[ 90%] Building CXX object CMakeFiles/chemgen.dir/src/chemgen.cpp.o
[100%] Linking CXX executable bin/chemgen
[100%] Built target chemgen
Running with  MPI processes and TBB_NUM_THREADS=16
Number of threads available: 16
Computation completed and gathered on root process.
Rank 1 execution time: 0.0128355 seconds
Number of points 200
Processing file: FFCM2_model
-- MPI found: /share/software/user/open/openmpi/4.1.2/bin/mpic++
-- Configuring done
-- Generating done
-- Build files have been written to: /scratch/users/ryjoh/run_serial_threaded/build
[ 80%] Built target tbb
Consolidate compiler generated dependencies of target chemgen
[ 90%] Building CXX object CMakeFiles/chemgen.dir/src/chemgen.cpp.o
[100%] Linking CXX executable bin/chemgen
[100%] Built target chemgen
Running with  MPI processes and TBB_NUM_THREADS=16
Number of threads available: 16
Computation completed and gathered on root process.
Rank 1 execution time: 0.00481415 seconds
Number of points 400
Processing file: FFCM2_model
-- MPI found: /share/software/user/open/openmpi/4.1.2/bin/mpic++
-- Configuring done
-- Generating done
-- Build files have been written to: /scratch/users/ryjoh/run_serial_threaded/build
[ 80%] Built target tbb
Consolidate compiler generated dependencies of target chemgen
[ 90%] Building CXX object CMakeFiles/chemgen.dir/src/chemgen.cpp.o
[100%] Linking CXX executable bin/chemgen
[100%] Built target chemgen
Running with  MPI processes and TBB_NUM_THREADS=16
Number of threads available: 16
Computation completed and gathered on root process.
Rank 1 execution time: 0.00551674 seconds
Number of points 800
Processing file: FFCM2_model
-- MPI found: /share/software/user/open/openmpi/4.1.2/bin/mpic++
-- Configuring done
-- Generating done
-- Build files have been written to: /scratch/users/ryjoh/run_serial_threaded/build
[ 80%] Built target tbb
Consolidate compiler generated dependencies of target chemgen
[ 90%] Building CXX object CMakeFiles/chemgen.dir/src/chemgen.cpp.o
[100%] Linking CXX executable bin/chemgen
[100%] Built target chemgen
Running with  MPI processes and TBB_NUM_THREADS=16
Number of threads available: 16
Computation completed and gathered on root process.
Rank 1 execution time: 0.0104395 seconds
Number of points 1600
Processing file: FFCM2_model
-- MPI found: /share/software/user/open/openmpi/4.1.2/bin/mpic++
-- Configuring done
-- Generating done
-- Build files have been written to: /scratch/users/ryjoh/run_serial_threaded/build
[ 80%] Built target tbb
Consolidate compiler generated dependencies of target chemgen
[ 90%] Building CXX object CMakeFiles/chemgen.dir/src/chemgen.cpp.o
[100%] Linking CXX executable bin/chemgen
[100%] Built target chemgen
Running with  MPI processes and TBB_NUM_THREADS=16
Number of threads available: 16
Computation completed and gathered on root process.
Rank 1 execution time: 0.0143097 seconds
Number of points 3200
Processing file: FFCM2_model
-- MPI found: /share/software/user/open/openmpi/4.1.2/bin/mpic++
-- Configuring done
-- Generating done
-- Build files have been written to: /scratch/users/ryjoh/run_serial_threaded/build
[ 80%] Built target tbb
Consolidate compiler generated dependencies of target chemgen
[ 90%] Building CXX object CMakeFiles/chemgen.dir/src/chemgen.cpp.o
[100%] Linking CXX executable bin/chemgen
[100%] Built target chemgen
Running with  MPI processes and TBB_NUM_THREADS=16
Number of threads available: 16
Computation completed and gathered on root process.
Rank 1 execution time: 0.0300921 seconds
Number of points 6400
Processing file: FFCM2_model
-- MPI found: /share/software/user/open/openmpi/4.1.2/bin/mpic++
-- Configuring done
-- Generating done
-- Build files have been written to: /scratch/users/ryjoh/run_serial_threaded/build
[ 80%] Built target tbb
Consolidate compiler generated dependencies of target chemgen
[ 90%] Building CXX object CMakeFiles/chemgen.dir/src/chemgen.cpp.o
[100%] Linking CXX executable bin/chemgen
[100%] Built target chemgen
Running with  MPI processes and TBB_NUM_THREADS=16
Number of threads available: 16
Computation completed and gathered on root process.
Rank 1 execution time: 0.0475286 seconds
Number of points 12800
Processing file: FFCM2_model
-- MPI found: /share/software/user/open/openmpi/4.1.2/bin/mpic++
-- Configuring done
-- Generating done
-- Build files have been written to: /scratch/users/ryjoh/run_serial_threaded/build
[ 80%] Built target tbb
Consolidate compiler generated dependencies of target chemgen
[ 90%] Building CXX object CMakeFiles/chemgen.dir/src/chemgen.cpp.o
[100%] Linking CXX executable bin/chemgen
[100%] Built target chemgen
Running with  MPI processes and TBB_NUM_THREADS=16
Number of threads available: 16
Computation completed and gathered on root process.
Rank 1 execution time: 0.0742889 seconds
Number of points 25600
Processing file: FFCM2_model
-- MPI found: /share/software/user/open/openmpi/4.1.2/bin/mpic++
-- Configuring done
-- Generating done
-- Build files have been written to: /scratch/users/ryjoh/run_serial_threaded/build
[ 80%] Built target tbb
Consolidate compiler generated dependencies of target chemgen
[ 90%] Building CXX object CMakeFiles/chemgen.dir/src/chemgen.cpp.o
[100%] Linking CXX executable bin/chemgen
[100%] Built target chemgen
Running with  MPI processes and TBB_NUM_THREADS=16
Number of threads available: 16
Computation completed and gathered on root process.
Rank 1 execution time: 0.119284 seconds
Number of points 51200
Processing file: FFCM2_model
-- MPI found: /share/software/user/open/openmpi/4.1.2/bin/mpic++
-- Configuring done
-- Generating done
-- Build files have been written to: /scratch/users/ryjoh/run_serial_threaded/build
[ 80%] Built target tbb
Consolidate compiler generated dependencies of target chemgen
[ 90%] Building CXX object CMakeFiles/chemgen.dir/src/chemgen.cpp.o
[100%] Linking CXX executable bin/chemgen
[100%] Built target chemgen
Running with  MPI processes and TBB_NUM_THREADS=16
Number of threads available: 16
Computation completed and gathered on root process.
Rank 1 execution time: 0.22854 seconds
