Nodes allocated for this job: sh04-01n15
Number of points 100
Processing file: FFCM2_model
-- MPI found: /share/software/user/open/openmpi/4.1.2/bin/mpic++
-- Configuring done
-- Generating done
-- Build files have been written to: /scratch/users/ryjoh/run_t3_b/build
[ 80%] Built target tbb
Consolidate compiler generated dependencies of target chemgen
[ 90%] Building CXX object CMakeFiles/chemgen.dir/src/chemgen.cpp.o
[100%] Linking CXX executable bin/chemgen
[100%] Built target chemgen
Running with  MPI processes and TBB_NUM_THREADS=2
Number of threads available: 2
Computation completed and gathered on root process.
Rank 1 execution time: 0.00943937 seconds
Number of points 200
Processing file: FFCM2_model
-- MPI found: /share/software/user/open/openmpi/4.1.2/bin/mpic++
-- Configuring done
-- Generating done
-- Build files have been written to: /scratch/users/ryjoh/run_t3_b/build
[ 80%] Built target tbb
Consolidate compiler generated dependencies of target chemgen
[ 90%] Building CXX object CMakeFiles/chemgen.dir/src/chemgen.cpp.o
[100%] Linking CXX executable bin/chemgen
[100%] Built target chemgen
Running with  MPI processes and TBB_NUM_THREADS=2
Number of threads available: 2
Computation completed and gathered on root process.
Rank 1 execution time: 0.00205413 seconds
Number of points 400
Processing file: FFCM2_model
-- MPI found: /share/software/user/open/openmpi/4.1.2/bin/mpic++
-- Configuring done
-- Generating done
-- Build files have been written to: /scratch/users/ryjoh/run_t3_b/build
[ 80%] Built target tbb
Consolidate compiler generated dependencies of target chemgen
[ 90%] Building CXX object CMakeFiles/chemgen.dir/src/chemgen.cpp.o
[100%] Linking CXX executable bin/chemgen
[100%] Built target chemgen
Running with  MPI processes and TBB_NUM_THREADS=2
Number of threads available: 2
Computation completed and gathered on root process.
Rank 1 execution time: 0.00214109 seconds
Number of points 800
Processing file: FFCM2_model
-- MPI found: /share/software/user/open/openmpi/4.1.2/bin/mpic++
-- Configuring done
-- Generating done
-- Build files have been written to: /scratch/users/ryjoh/run_t3_b/build
[ 80%] Built target tbb
Consolidate compiler generated dependencies of target chemgen
[ 90%] Building CXX object CMakeFiles/chemgen.dir/src/chemgen.cpp.o
[100%] Linking CXX executable bin/chemgen
[100%] Built target chemgen
Running with  MPI processes and TBB_NUM_THREADS=2
Number of threads available: 2
Computation completed and gathered on root process.
Rank 1 execution time: 0.00312756 seconds
Number of points 1600
Processing file: FFCM2_model
-- MPI found: /share/software/user/open/openmpi/4.1.2/bin/mpic++
-- Configuring done
-- Generating done
-- Build files have been written to: /scratch/users/ryjoh/run_t3_b/build
[ 80%] Built target tbb
Consolidate compiler generated dependencies of target chemgen
[ 90%] Building CXX object CMakeFiles/chemgen.dir/src/chemgen.cpp.o
[100%] Linking CXX executable bin/chemgen
[100%] Built target chemgen
Running with  MPI processes and TBB_NUM_THREADS=2
Number of threads available: 2
Computation completed and gathered on root process.
Rank 1 execution time: 0.00476392 seconds
Number of points 3200
Processing file: FFCM2_model
-- MPI found: /share/software/user/open/openmpi/4.1.2/bin/mpic++
-- Configuring done
-- Generating done
-- Build files have been written to: /scratch/users/ryjoh/run_t3_b/build
[ 80%] Built target tbb
Consolidate compiler generated dependencies of target chemgen
[ 90%] Building CXX object CMakeFiles/chemgen.dir/src/chemgen.cpp.o
[100%] Linking CXX executable bin/chemgen
[100%] Built target chemgen
Running with  MPI processes and TBB_NUM_THREADS=2
Number of threads available: 2
Computation completed and gathered on root process.
Rank 1 execution time: 0.00794295 seconds
Number of points 6400
Processing file: FFCM2_model
-- MPI found: /share/software/user/open/openmpi/4.1.2/bin/mpic++
-- Configuring done
-- Generating done
-- Build files have been written to: /scratch/users/ryjoh/run_t3_b/build
[ 80%] Built target tbb
Consolidate compiler generated dependencies of target chemgen
[ 90%] Building CXX object CMakeFiles/chemgen.dir/src/chemgen.cpp.o
[100%] Linking CXX executable bin/chemgen
[100%] Built target chemgen
Running with  MPI processes and TBB_NUM_THREADS=2
Number of threads available: 2
Computation completed and gathered on root process.
Rank 1 execution time: 0.0135992 seconds
Number of points 12800
Processing file: FFCM2_model
-- MPI found: /share/software/user/open/openmpi/4.1.2/bin/mpic++
-- Configuring done
-- Generating done
-- Build files have been written to: /scratch/users/ryjoh/run_t3_b/build
[ 80%] Built target tbb
Consolidate compiler generated dependencies of target chemgen
[ 90%] Building CXX object CMakeFiles/chemgen.dir/src/chemgen.cpp.o
[100%] Linking CXX executable bin/chemgen
[100%] Built target chemgen
Running with  MPI processes and TBB_NUM_THREADS=2
Number of threads available: 2
Computation completed and gathered on root process.
Rank 1 execution time: 0.0518293 seconds
Number of points 25600
Processing file: FFCM2_model
-- MPI found: /share/software/user/open/openmpi/4.1.2/bin/mpic++
-- Configuring done
-- Generating done
-- Build files have been written to: /scratch/users/ryjoh/run_t3_b/build
[ 80%] Built target tbb
Consolidate compiler generated dependencies of target chemgen
[ 90%] Building CXX object CMakeFiles/chemgen.dir/src/chemgen.cpp.o
[100%] Linking CXX executable bin/chemgen
[100%] Built target chemgen
Running with  MPI processes and TBB_NUM_THREADS=2
Number of threads available: 2
Computation completed and gathered on root process.
Rank 1 execution time: 0.049587 seconds
Number of points 51200
Processing file: FFCM2_model
-- MPI found: /share/software/user/open/openmpi/4.1.2/bin/mpic++
-- Configuring done
-- Generating done
-- Build files have been written to: /scratch/users/ryjoh/run_t3_b/build
[ 80%] Built target tbb
Consolidate compiler generated dependencies of target chemgen
[ 90%] Building CXX object CMakeFiles/chemgen.dir/src/chemgen.cpp.o
[100%] Linking CXX executable bin/chemgen
[100%] Built target chemgen
Running with  MPI processes and TBB_NUM_THREADS=2
Number of threads available: 2
Computation completed and gathered on root process.
Rank 1 execution time: 0.0982315 seconds
