Nodes allocated for this job: sh03-01n14
Number of points 100
Processing file: FFCM2_model
-- MPI found: /share/software/user/open/openmpi/4.1.2/bin/mpic++
-- Configuring done
-- Generating done
-- Build files have been written to: /scratch/users/ryjoh/run_serial_threaded_2/build
[ 80%] Built target tbb
Consolidate compiler generated dependencies of target chemgen
[ 90%] Building CXX object CMakeFiles/chemgen.dir/src/chemgen.cpp.o
[100%] Linking CXX executable bin/chemgen
[100%] Built target chemgen
Running with  MPI processes and TBB_NUM_THREADS=2
Number of threads available: 2
Computation completed and gathered on root process.
Rank 1 execution time: 0.00909347 seconds
Number of points 200
Processing file: FFCM2_model
-- MPI found: /share/software/user/open/openmpi/4.1.2/bin/mpic++
-- Configuring done
-- Generating done
-- Build files have been written to: /scratch/users/ryjoh/run_serial_threaded_2/build
[ 80%] Built target tbb
Consolidate compiler generated dependencies of target chemgen
[ 90%] Building CXX object CMakeFiles/chemgen.dir/src/chemgen.cpp.o
[100%] Linking CXX executable bin/chemgen
[100%] Built target chemgen
Running with  MPI processes and TBB_NUM_THREADS=2
Number of threads available: 2
Computation completed and gathered on root process.
Rank 1 execution time: 0.00262627 seconds
Number of points 400
Processing file: FFCM2_model
-- MPI found: /share/software/user/open/openmpi/4.1.2/bin/mpic++
-- Configuring done
-- Generating done
-- Build files have been written to: /scratch/users/ryjoh/run_serial_threaded_2/build
[ 80%] Built target tbb
Consolidate compiler generated dependencies of target chemgen
[ 90%] Building CXX object CMakeFiles/chemgen.dir/src/chemgen.cpp.o
[100%] Linking CXX executable bin/chemgen
[100%] Built target chemgen
Running with  MPI processes and TBB_NUM_THREADS=2
Number of threads available: 2
Computation completed and gathered on root process.
Rank 1 execution time: 0.00415698 seconds
Number of points 800
Processing file: FFCM2_model
-- MPI found: /share/software/user/open/openmpi/4.1.2/bin/mpic++
-- Configuring done
-- Generating done
-- Build files have been written to: /scratch/users/ryjoh/run_serial_threaded_2/build
[ 80%] Built target tbb
Consolidate compiler generated dependencies of target chemgen
[ 90%] Building CXX object CMakeFiles/chemgen.dir/src/chemgen.cpp.o
[100%] Linking CXX executable bin/chemgen
[100%] Built target chemgen
Running with  MPI processes and TBB_NUM_THREADS=2
Number of threads available: 2
Computation completed and gathered on root process.
Rank 1 execution time: 0.00659754 seconds
Number of points 1600
Processing file: FFCM2_model
-- MPI found: /share/software/user/open/openmpi/4.1.2/bin/mpic++
-- Configuring done
-- Generating done
-- Build files have been written to: /scratch/users/ryjoh/run_serial_threaded_2/build
[ 80%] Built target tbb
Consolidate compiler generated dependencies of target chemgen
[ 90%] Building CXX object CMakeFiles/chemgen.dir/src/chemgen.cpp.o
[100%] Linking CXX executable bin/chemgen
[100%] Built target chemgen
Running with  MPI processes and TBB_NUM_THREADS=2
Number of threads available: 2
Computation completed and gathered on root process.
Rank 1 execution time: 0.0113153 seconds
Number of points 3200
Processing file: FFCM2_model
-- MPI found: /share/software/user/open/openmpi/4.1.2/bin/mpic++
-- Configuring done
-- Generating done
-- Build files have been written to: /scratch/users/ryjoh/run_serial_threaded_2/build
[ 80%] Built target tbb
Consolidate compiler generated dependencies of target chemgen
[ 90%] Building CXX object CMakeFiles/chemgen.dir/src/chemgen.cpp.o
[100%] Linking CXX executable bin/chemgen
[100%] Built target chemgen
Running with  MPI processes and TBB_NUM_THREADS=2
Number of threads available: 2
Computation completed and gathered on root process.
Rank 1 execution time: 0.0205649 seconds
Number of points 6400
Processing file: FFCM2_model
-- MPI found: /share/software/user/open/openmpi/4.1.2/bin/mpic++
-- Configuring done
-- Generating done
-- Build files have been written to: /scratch/users/ryjoh/run_serial_threaded_2/build
[ 80%] Built target tbb
Consolidate compiler generated dependencies of target chemgen
[ 90%] Building CXX object CMakeFiles/chemgen.dir/src/chemgen.cpp.o
[100%] Linking CXX executable bin/chemgen
[100%] Built target chemgen
Running with  MPI processes and TBB_NUM_THREADS=2
Number of threads available: 2
Computation completed and gathered on root process.
Rank 1 execution time: 0.0388161 seconds
Number of points 12800
Processing file: FFCM2_model
-- MPI found: /share/software/user/open/openmpi/4.1.2/bin/mpic++
-- Configuring done
-- Generating done
-- Build files have been written to: /scratch/users/ryjoh/run_serial_threaded_2/build
[ 80%] Built target tbb
Consolidate compiler generated dependencies of target chemgen
[ 90%] Building CXX object CMakeFiles/chemgen.dir/src/chemgen.cpp.o
[100%] Linking CXX executable bin/chemgen
[100%] Built target chemgen
Running with  MPI processes and TBB_NUM_THREADS=2
Number of threads available: 2
Computation completed and gathered on root process.
Rank 1 execution time: 0.0743946 seconds
Number of points 25600
Processing file: FFCM2_model
-- MPI found: /share/software/user/open/openmpi/4.1.2/bin/mpic++
-- Configuring done
-- Generating done
-- Build files have been written to: /scratch/users/ryjoh/run_serial_threaded_2/build
[ 80%] Built target tbb
Consolidate compiler generated dependencies of target chemgen
[ 90%] Building CXX object CMakeFiles/chemgen.dir/src/chemgen.cpp.o
[100%] Linking CXX executable bin/chemgen
[100%] Built target chemgen
Running with  MPI processes and TBB_NUM_THREADS=2
Number of threads available: 2
Computation completed and gathered on root process.
Rank 1 execution time: 0.130767 seconds
Number of points 51200
Processing file: FFCM2_model
-- MPI found: /share/software/user/open/openmpi/4.1.2/bin/mpic++
-- Configuring done
-- Generating done
-- Build files have been written to: /scratch/users/ryjoh/run_serial_threaded_2/build
[ 80%] Built target tbb
Consolidate compiler generated dependencies of target chemgen
[ 90%] Building CXX object CMakeFiles/chemgen.dir/src/chemgen.cpp.o
[100%] Linking CXX executable bin/chemgen
[100%] Built target chemgen
Running with  MPI processes and TBB_NUM_THREADS=2
Number of threads available: 2
Computation completed and gathered on root process.
Rank 1 execution time: 0.26338 seconds
